Vivado Simulator 2019.2
Copyright 1986-1999, 2001-2019 Xilinx, Inc. All Rights Reserved.
Running: C:/Xilinx/Vivado/2019.2/bin/unwrapped/win64.o/xelab.exe -wto 1ef1be09391949da96a2adab2481a55a --incr --debug typical --relax --mt 2 -L xil_defaultlib -L unisims_ver -L unimacro_ver -L secureip --snapshot test_cam_TB_behav xil_defaultlib.test_cam_TB xil_defaultlib.glbl -log elaborate.log 
Using 2 slave threads.
Starting static elaboration
Pass Through NonSizing Optimizer
WARNING: [VRFC 10-5021] port 'reset' is not connected on this instance [C:/Users/FABIa/Documents/GitHub/Proyecto_Final_Digital/wp2-simulacion-captura-grupo-04/src/project_1.srcs/sources_1/new/test_cam.v:140]
Completed static elaboration
Starting simulation data flow analysis
Completed simulation data flow analysis
Time Resolution for simulation is 1ps
Compiling module unisims_ver.IBUF
Compiling module unisims_ver.IBUFG
Compiling module unisims_ver.MMCME2_ADV(CLKFBOUT_MULT_F=9.75,...
Compiling module unisims_ver.BUFG
Compiling module xil_defaultlib.clk_100MHZ_to_25M_24M
Compiling module xil_defaultlib.captura_de_datos_downsampler
Compiling module xil_defaultlib.buffer_ram_dp_default
Compiling module xil_defaultlib.VGA_Driver640x480_default
Compiling module xil_defaultlib.test_cam
Compiling module xil_defaultlib.test_cam_TB
Compiling module xil_defaultlib.glbl
Built simulation snapshot test_cam_TB_behav
