#
# A fatal error has been detected by the Java Runtime Environment:
#
#  EXCEPTION_ACCESS_VIOLATION (0xc0000005) at pc=0x00007ffeb83037ed, pid=16092, tid=16224
#
# JRE version: Java(TM) SE Runtime Environment (9.0+11) (build 9.0.4+11)
# Java VM: Java HotSpot(TM) 64-Bit Server VM (9.0.4+11, mixed mode, tiered, compressed oops, g1 gc, windows-amd64)
# Problematic frame:
# C  [librdi_filemgmt.dll+0x1437ed]
#
# No core dump will be written. Minidumps are not enabled by default on client versions of Windows
#
# If you would like to submit a bug report, please visit:
#   http://bugreport.java.com/bugreport/crash.jsp
# The crash happened outside the Java Virtual Machine in native code.
# See problematic frame for where to report the bug.
#

---------------  S U M M A R Y ------------

Command Line: -Dsun.java2d.pmoffscreen=false -Dsun.java2d.xrender=false -Dsun.java2d.d3d=false -Dsun.awt.nopixfmt=true -Dsun.java2d.dpiaware=true -Dsun.java2d.uiScale.enabled=false -Xverify:none -Dswing.aatext=true -XX:-UsePerfData -Djdk.map.althashing.threshold=512 -XX:StringTableSize=4072 --add-opens=java.base/java.nio=ALL-UNNAMED --add-opens=java.desktop/sun.swing=ALL-UNNAMED --add-opens=java.desktop/javax.swing=ALL-UNNAMED --add-opens=java.desktop/javax.swing.tree=ALL-UNNAMED --add-opens=java.desktop/javax.swing.plaf.basic=ALL-UNNAMED --add-opens=java.desktop/javax.swing.plaf.synth=ALL-UNNAMED --add-opens=java.desktop/com.sun.awt=ALL-UNNAMED -XX:NewSize=60m -XX:MaxNewSize=60m -Xms128m -Xmx3072m -Xss5m 

Host: Intel(R) Core(TM) i5-8300H CPU @ 2.30GHz, 8 cores, 19G,  Windows 10 , 64 bit Build 18362 (10.0.18362.900)
Time: Mon Jul 13 12:31:31 2020 Hora est. Pacífico, Sudamérica elapsed time: 237 seconds (0d 0h 3m 57s)

---------------  T H R E A D  ---------------

Current thread (0x000001b163aae800):  JavaThread "Replace File Thread" [_thread_in_native, id=16224, stack(0x000000a28c500000,0x000000a28ca00000)]

Stack: [0x000000a28c500000,0x000000a28ca00000],  sp=0x000000a28c9fee20,  free space=5115k
Native frames: (J=compiled Java code, j=interpreted, Vv=VM code, C=native code)
C  [librdi_filemgmt.dll+0x1437ed]
C  0x000001b1496d921c

Java frames: (J=compiled Java code, j=interpreted, Vv=VM code)
j  ui.data.design.dai.SrcFile_getFileSet(J)J+0
j  ui.data.design.Y.Sg()Lui/data/design/C;+4
j  ui.a.e.a(Lui/project/r;Lui/data/design/Y;Ljava/io/File;)V+40
j  ui.views.c.dJ.cH()V+19
j  ui.b.c.bK.construct()Ljava/lang/Object;+13
j  ui.frmwork.A.run()V+23
J 15638 c1 java.lang.Thread.run()V java.base@9.0.4 (17 bytes) @ 0x000001b14a04a17c [0x000001b14a04a040+0x000000000000013c]
v  ~StubRoutines::call_stub

siginfo: EXCEPTION_ACCESS_VIOLATION (0xc0000005), reading address 0xffffffffffffffff


Register to memory mapping:

RIP=0x00007ffeb83037ed librdi_filemgmt.dll
RAX=0x20d04fe0501f0014 is an unknown value
RBX={method} {0x000001b1675d4478} 'SrcFile_getFileSet' '(J)J' in 'ui/data/design/dai'
RCX=0x000001b14298b270 is an unknown value
RDX=0x000000a28c9fef70 is pointing into the stack for thread: 0x000001b163aae800
RSP=0x000000a28c9fee20 is pointing into the stack for thread: 0x000001b163aae800
RBP=0x000000a28c9fef60 is pointing into the stack for thread: 0x000001b163aae800
RSI=0x0000000701f7ac50 is an oop
[Ljava.lang.Object; 
{0x0000000701f7ac50} - klass: 'java/lang/Object'[]
 - length: 10
RDI=0x000001b15e964ee8 is pointing into metadata
R8 =0x000001b14298b270 is an unknown value
R9 =0x000001b162359500 is an unknown value
R10=0x000001b1496d91f0 is at code_begin+976 in an Interpreter codelet
method entry point (kind = native)  [0x000001b1496d8e20, 0x000001b1496d9980]  2912 bytes
R11=0x00000007022da0f0 is an oop
java.lang.Class 
{0x00000007022da0f0} - klass: 'java/lang/Class'
R12=0x0000000000000000 is an unknown value
R13={method} {0x000001b1675d4478} 'SrcFile_getFileSet' '(J)J' in 'ui/data/design/dai'
R14=0x000000a28c9fef88 is pointing into the stack for thread: 0x000001b163aae800
R15=0x000001b163aae800 is a thread


Registers:
RAX=0x20d04fe0501f0014, RBX=0x000001b1675d4470, RCX=0x000001b14298b270, RDX=0x000000a28c9fef70
RSP=0x000000a28c9fee20, RBP=0x000000a28c9fef60, RSI=0x0000000701f7ac50, RDI=0x000001b15e964ee8
R8 =0x000001b14298b270, R9 =0x000001b162359500, R10=0x000001b1496d91f0, R11=0x00000007022da0f0
R12=0x0000000000000000, R13=0x000001b1675d4470, R14=0x000000a28c9fef88, R15=0x000001b163aae800
RIP=0x00007ffeb83037ed, EFLAGS=0x0000000000010206

Top of Stack: (sp=0x000000a28c9fee20)
0x000000a28c9fee20:   000001b1687d5240 000000006a4b97bb
0x000000a28c9fee30:   000000000000000d 000000a28c9fef30
0x000000a28c9fee40:   000001b163aaea18 fffffffffffffffe
0x000000a28c9fee50:   00000000000000b6 000001b163aae800
0x000000a28c9fee60:   0000000000000000 000001b16befc5f8
0x000000a28c9fee70:   000001b1687c9558 000001b163aae800
0x000000a28c9fee80:   000001b1687cdc78 000001b163aae800
0x000000a28c9fee90:   00000007c06148c0 00000007c06148c0
0x000000a28c9feea0:   000001b165fe8e50 000001b163aae800
0x000000a28c9feeb0:   000001b165fe8e50 000001b163aae800
0x000000a28c9feec0:   0000000d00000001 0000f10d6e2196b1
0x000000a28c9feed0:   0000000000000000 000001b1496d921c
0x000000a28c9feee0:   000000a28c9feff8 000001b1496e6812
0x000000a28c9feef0:   000001b1496c8910 0000000000000000
0x000000a28c9fef00:   000000a28c9ff048 000000a28c9feff8
0x000000a28c9fef10:   000001b1687cdc28 000000a28c9fef18 

Instructions: (pc=0x00007ffeb83037ed)
0x00007ffeb83037cd:   ff ff ff 48 8b 05 19 0d 4b 00 48 33 c4 48 89 84
0x00007ffeb83037dd:   24 a8 00 00 00 48 89 4c 24 20 49 8b 00 49 8b c8
0x00007ffeb83037ed:   ff 90 90 01 00 00 90 eb 02 33 c0 48 8b 8c 24 a8
0x00007ffeb83037fd:   00 00 00 48 33 cc e8 78 f7 18 00 48 81 c4 b8 00 



---------------  P R O C E S S  ---------------

Java Threads: ( => current thread )
  0x000001b163ab0000 JavaThread "Image Fetcher 0" daemon [_thread_blocked, id=12412, stack(0x000000a28cf00000,0x000000a28d400000)]
=>0x000001b163aae800 JavaThread "Replace File Thread" [_thread_in_native, id=16224, stack(0x000000a28c500000,0x000000a28ca00000)]
  0x000001b163ab4800 JavaThread "Thread-268" [_thread_blocked, id=17900, stack(0x000000a28c000000,0x000000a28c500000)]
  0x000001b163aaf800 JavaThread "Swing-Shell" daemon [_thread_blocked, id=14720, stack(0x000000a288300000,0x000000a288800000)]
  0x000001b163aad000 JavaThread "SyntheticaAnimation 50" daemon [_thread_blocked, id=14704, stack(0x000000a28ca00000,0x000000a28cf00000)]
  0x000001b163ab2800 JavaThread "Update Runs Swing Worker Thread" [_thread_blocked, id=11812, stack(0x000000a287e00000,0x000000a288300000)]
  0x000001b13cc7b800 JavaThread "hw_ila_monitor" [_thread_blocked, id=1712, stack(0x000000a28bb00000,0x000000a28c000000)]
  0x000001b13cc7d000 JavaThread "Refresh Filesets Swing Worker Thread" [_thread_blocked, id=16776, stack(0x000000a289700000,0x000000a289c00000)]
  0x000001b13cc79000 JavaThread "SyntheticaAnimation 70" daemon [_thread_blocked, id=18408, stack(0x000000a28b600000,0x000000a28bb00000)]
  0x000001b13cc7f000 JavaThread "SyntheticaAnimation 25" daemon [_thread_blocked, id=15940, stack(0x000000a28ac00000,0x000000a28b100000)]
  0x000001b13cc7c000 JavaThread "SyntheticaAnimation 50" daemon [_thread_blocked, id=916, stack(0x000000a28a600000,0x000000a28ab00000)]
  0x000001b13cc7e800 JavaThread "Monitor HEventQueue Thread" [_thread_blocked, id=13924, stack(0x000000a28a100000,0x000000a28a600000)]
  0x000001b13cc7a000 JavaThread "SyntheticaCleanerThread" daemon [_thread_blocked, id=6424, stack(0x000000a289c00000,0x000000a28a100000)]
  0x000001b13cc7d800 JavaThread "Batik CleanerThread" daemon [_thread_blocked, id=10612, stack(0x000000a289200000,0x000000a289700000)]
  0x000001b13cf1a800 JavaThread "AWT-EventQueue-1" [_thread_blocked, id=17948, stack(0x000000a288d00000,0x000000a289200000)]
  0x000001b13cf1a000 JavaThread "Process Messages Thread" [_thread_blocked, id=18356, stack(0x000000a288800000,0x000000a288d00000)]
  0x000001b13d26e000 JavaThread "Thread-1" [_thread_in_native, id=6596, stack(0x000000a281600000,0x000000a282a00000)]
  0x000001b13cea8800 JavaThread "TimerQueue" daemon [_thread_blocked, id=16524, stack(0x000000a287900000,0x000000a287e00000)]
  0x000001b13c6df000 JavaThread "AWT-Windows" daemon [_thread_in_native, id=868, stack(0x000000a287400000,0x000000a287900000)]
  0x000001b13c6de800 JavaThread "AWT-Shutdown" [_thread_blocked, id=18028, stack(0x000000a286f00000,0x000000a287400000)]
  0x000001b13cc4f800 JavaThread "Java2D Disposer" daemon [_thread_blocked, id=17992, stack(0x000000a286a00000,0x000000a286f00000)]
  0x000001b1417a1000 JavaThread "Service Thread" daemon [_thread_blocked, id=16412, stack(0x000000a286400000,0x000000a286900000)]
  0x000001b1380ee800 JavaThread "Common-Cleaner" daemon [_thread_blocked, id=15880, stack(0x000000a285f00000,0x000000a286400000)]
  0x000001b1380ed800 JavaThread "Sweeper thread" daemon [_thread_blocked, id=15728, stack(0x000000a285a00000,0x000000a285f00000)]
  0x000001b1380ec000 JavaThread "C1 CompilerThread3" daemon [_thread_blocked, id=888, stack(0x000000a285900000,0x000000a285a00000)]
  0x000001b1380ea800 JavaThread "C2 CompilerThread2" daemon [_thread_blocked, id=10984, stack(0x000000a285800000,0x000000a285900000)]
  0x000001b1380e9000 JavaThread "C2 CompilerThread1" daemon [_thread_blocked, id=6708, stack(0x000000a285700000,0x000000a285800000)]
  0x000001b1380e8000 JavaThread "C2 CompilerThread0" daemon [_thread_blocked, id=15264, stack(0x000000a285600000,0x000000a285700000)]
  0x000001b1380df800 JavaThread "Attach Listener" daemon [_thread_blocked, id=10228, stack(0x000000a285100000,0x000000a285600000)]
  0x000001b1380de800 JavaThread "Signal Dispatcher" daemon [_thread_blocked, id=2516, stack(0x000000a284c00000,0x000000a285100000)]
  0x000001b1380cf800 JavaThread "Finalizer" daemon [_thread_blocked, id=9240, stack(0x000000a284700000,0x000000a284c00000)]
  0x000001b141be3000 JavaThread "Reference Handler" daemon [_thread_blocked, id=10924, stack(0x000000a284200000,0x000000a284700000)]
  0x000001b14189c800 JavaThread "main" [_thread_blocked, id=8300, stack(0x000000a281500000,0x000000a281600000)]

Other Threads:
  0x000001b141be0800 VMThread "VM Thread" [stack: 0x000000a284100000,0x000000a284200000] [id=17784]
  0x000001b13c588800 WatcherThread [stack: 0x000000a286900000,0x000000a286a00000] [id=9004]
  0x000001b13bf6c000 GCTaskThread "GC Thread#0" [stack: 0x000000a282d00000,0x000000a282e00000] [id=17724]
  0x000001b13bf65800 GCTaskThread "GC Thread#1" [stack: 0x000000a282e00000,0x000000a282f00000] [id=17528]
  0x000001b13bf69800 GCTaskThread "GC Thread#2" [stack: 0x000000a282f00000,0x000000a283000000] [id=12852]
  0x000001b13bf68800 GCTaskThread "GC Thread#3" [stack: 0x000000a283000000,0x000000a283100000] [id=15952]
  0x000001b13bf69000 GCTaskThread "GC Thread#4" [stack: 0x000000a283100000,0x000000a283200000] [id=15496]
  0x000001b13bf67000 GCTaskThread "GC Thread#5" [stack: 0x000000a283200000,0x000000a283300000] [id=15100]
  0x000001b13bf6b800 GCTaskThread "GC Thread#6" [stack: 0x000000a283300000,0x000000a283400000] [id=7888]
  0x000001b13bf6a800 GCTaskThread "GC Thread#7" [stack: 0x000000a283400000,0x000000a283500000] [id=10356]
  0x000001b141ace800 ConcurrentGCThread "G1 Main Marker" [stack: 0x000000a283e00000,0x000000a283f00000] [id=17420]
  0x000001b13bf68000 ConcurrentGCThread "G1 Marker#0" [stack: 0x000000a283f00000,0x000000a284000000] [id=15140]
  0x000001b13bf6b000 ConcurrentGCThread "G1 Marker#1" [stack: 0x000000a284000000,0x000000a284100000] [id=11572]
  0x000001b13bf74000 ConcurrentGCThread "G1 Refine#0" [stack: 0x000000a283c00000,0x000000a283d00000] [id=4556]
  0x000001b13bf71000 ConcurrentGCThread "G1 Refine#1" [stack: 0x000000a283b00000,0x000000a283c00000] [id=9900]
  0x000001b1419b4000 ConcurrentGCThread "G1 Refine#2" [stack: 0x000000a283a00000,0x000000a283b00000] [id=17880]
  0x000001b1419b3800 ConcurrentGCThread "G1 Refine#3" [stack: 0x000000a283900000,0x000000a283a00000] [id=16604]
  0x000001b1429b2800 ConcurrentGCThread "G1 Refine#4" [stack: 0x000000a283800000,0x000000a283900000] [id=5452]
  0x000001b141411800 ConcurrentGCThread "G1 Refine#5" [stack: 0x000000a283700000,0x000000a283800000] [id=18136]
  0x000001b141410800 ConcurrentGCThread "G1 Refine#6" [stack: 0x000000a283600000,0x000000a283700000] [id=15844]
  0x000001b141eb4000 ConcurrentGCThread "G1 Refine#7" [stack: 0x000000a283500000,0x000000a283600000] [id=8220]
  0x000001b13c282000 ConcurrentGCThread "G1 Young RemSet Sampling" [stack: 0x000000a283d00000,0x000000a283e00000] [id=17840]

Threads with active compile tasks:

VM state:not at safepoint (normal execution)

VM Mutex/Monitor currently owned by a thread: None

Heap address: 0x0000000700000000, size: 3072 MB, Compressed Oops mode: Zero based, Oop shift amount: 3
Narrow klass base: 0x0000000000000000, Narrow klass shift: 3
Compressed class space size: 1073741824 Address: 0x00000007c0000000

Heap:
 garbage-first heap   total 172032K, used 113255K [0x0000000700000000, 0x0000000700100540, 0x00000007c0000000)
  region size 1024K, 54 young (55296K), 3 survivors (3072K)
 Metaspace       used 75564K, capacity 80579K, committed 80764K, reserved 1118208K
  class space    used 10683K, capacity 11564K, committed 11644K, reserved 1048576K
Heap Regions: E=young(eden), S=young(survivor), O=old, HS=humongous(starts), HC=humongous(continues), CS=collection set, F=free, A=archive, TS=gc time stamp, AC=allocation context, TAMS=top-at-mark-start (previous, next)
|   0|0x0000000700000000, 0x00000007000ff3f8, 0x0000000700100000| 99%| O|  |TS  0|AC  0|TAMS 0x0000000700000000, 0x0000000700000000|
|   1|0x0000000700100000, 0x00000007001e8fe0, 0x0000000700200000| 91%| O|  |TS  0|AC  0|TAMS 0x0000000700100000, 0x0000000700100000|
|   2|0x0000000700200000, 0x00000007002cf420, 0x0000000700300000| 80%| O|  |TS  0|AC  0|TAMS 0x0000000700200000, 0x0000000700200000|
|   3|0x0000000700300000, 0x00000007003fb0e8, 0x0000000700400000| 98%| O|  |TS  0|AC  0|TAMS 0x0000000700300000, 0x0000000700300000|
|   4|0x0000000700400000, 0x0000000700500000, 0x0000000700500000|100%|HS|  |TS  0|AC  0|TAMS 0x0000000700400000, 0x0000000700400000|
|   5|0x0000000700500000, 0x0000000700600000, 0x0000000700600000|100%|HC|  |TS  0|AC  0|TAMS 0x0000000700500000, 0x0000000700500000|
|   6|0x0000000700600000, 0x0000000700700000, 0x0000000700700000|100%|HS|  |TS  0|AC  0|TAMS 0x0000000700600000, 0x0000000700600000|
|   7|0x0000000700700000, 0x00000007007cb538, 0x0000000700800000| 79%| O|  |TS  0|AC  0|TAMS 0x0000000700700000, 0x0000000700700000|
|   8|0x0000000700800000, 0x00000007008ffff8, 0x0000000700900000| 99%| O|  |TS  0|AC  0|TAMS 0x0000000700800000, 0x0000000700800000|
|   9|0x0000000700900000, 0x00000007009efae0, 0x0000000700a00000| 93%| O|  |TS  0|AC  0|TAMS 0x0000000700900000, 0x0000000700900000|
|  10|0x0000000700a00000, 0x0000000700affff8, 0x0000000700b00000| 99%| O|  |TS  0|AC  0|TAMS 0x0000000700a00000, 0x0000000700a00000|
|  11|0x0000000700b00000, 0x0000000700bfffe0, 0x0000000700c00000| 99%| O|  |TS  0|AC  0|TAMS 0x0000000700b00000, 0x0000000700b00000|
|  12|0x0000000700c00000, 0x0000000700cfae20, 0x0000000700d00000| 98%| O|  |TS  0|AC  0|TAMS 0x0000000700c00000, 0x0000000700c00000|
|  13|0x0000000700d00000, 0x0000000700dffff0, 0x0000000700e00000| 99%| O|  |TS  0|AC  0|TAMS 0x0000000700d00000, 0x0000000700d00000|
|  14|0x0000000700e00000, 0x0000000700ee4d90, 0x0000000700f00000| 89%| O|  |TS  0|AC  0|TAMS 0x0000000700e00000, 0x0000000700e00000|
|  15|0x0000000700f00000, 0x0000000700fffff0, 0x0000000701000000| 99%| O|  |TS  0|AC  0|TAMS 0x0000000700f00000, 0x0000000700f00000|
|  16|0x0000000701000000, 0x00000007010e4398, 0x0000000701100000| 89%| O|  |TS  0|AC  0|TAMS 0x0000000701000000, 0x0000000701000000|
|  17|0x0000000701100000, 0x00000007011fffa0, 0x0000000701200000| 99%| O|  |TS  0|AC  0|TAMS 0x0000000701100000, 0x0000000701100000|
|  18|0x0000000701200000, 0x0000000701300000, 0x0000000701300000|100%| O|  |TS  0|AC  0|TAMS 0x0000000701200000, 0x0000000701200000|
|  19|0x0000000701300000, 0x0000000701400000, 0x0000000701400000|100%| O|  |TS  0|AC  0|TAMS 0x0000000701300000, 0x0000000701300000|
|  20|0x0000000701400000, 0x00000007014fffe8, 0x0000000701500000| 99%| O|  |TS  0|AC  0|TAMS 0x0000000701400000, 0x0000000701400000|
|  21|0x0000000701500000, 0x0000000701600000, 0x0000000701600000|100%|HS|  |TS  0|AC  0|TAMS 0x0000000701500000, 0x0000000701500000|
|  22|0x0000000701600000, 0x00000007016fffe8, 0x0000000701700000| 99%| O|  |TS  0|AC  0|TAMS 0x0000000701600000, 0x0000000701600000|
|  23|0x0000000701700000, 0x0000000701800000, 0x0000000701800000|100%| O|  |TS  0|AC  0|TAMS 0x0000000701700000, 0x0000000701700000|
|  24|0x0000000701800000, 0x00000007018ffff8, 0x0000000701900000| 99%| O|  |TS  0|AC  0|TAMS 0x0000000701800000, 0x0000000701800000|
|  25|0x0000000701900000, 0x00000007019fffe8, 0x0000000701a00000| 99%| O|  |TS  0|AC  0|TAMS 0x0000000701900000, 0x0000000701900000|
|  26|0x0000000701a00000, 0x0000000701afc320, 0x0000000701b00000| 98%| O|  |TS  0|AC  0|TAMS 0x0000000701a00000, 0x0000000701a00000|
|  27|0x0000000701b00000, 0x0000000701c00000, 0x0000000701c00000|100%| O|  |TS  0|AC  0|TAMS 0x0000000701b00000, 0x0000000701b00000|
|  28|0x0000000701c00000, 0x0000000701cffff0, 0x0000000701d00000| 99%| O|  |TS  0|AC  0|TAMS 0x0000000701c00000, 0x0000000701c00000|
|  29|0x0000000701d00000, 0x0000000701dffff8, 0x0000000701e00000| 99%| O|  |TS  0|AC  0|TAMS 0x0000000701d00000, 0x0000000701d00000|
|  30|0x0000000701e00000, 0x0000000701efffe8, 0x0000000701f00000| 99%| O|  |TS  0|AC  0|TAMS 0x0000000701e00000, 0x0000000701e00000|
|  31|0x0000000701f00000, 0x0000000701fffff8, 0x0000000702000000| 99%| O|  |TS  0|AC  0|TAMS 0x0000000701f00000, 0x0000000701f00000|
|  32|0x0000000702000000, 0x00000007020ffff8, 0x0000000702100000| 99%| O|  |TS  0|AC  0|TAMS 0x0000000702000000, 0x0000000702000000|
|  33|0x0000000702100000, 0x00000007021fffc8, 0x0000000702200000| 99%| O|  |TS  0|AC  0|TAMS 0x0000000702100000, 0x0000000702100000|
|  34|0x0000000702200000, 0x00000007022ffff8, 0x0000000702300000| 99%| O|  |TS  0|AC  0|TAMS 0x0000000702200000, 0x0000000702200000|
|  35|0x0000000702300000, 0x0000000702400000, 0x0000000702400000|100%| O|  |TS  0|AC  0|TAMS 0x0000000702300000, 0x0000000702300000|
|  36|0x0000000702400000, 0x0000000702500000, 0x0000000702500000|100%| O|  |TS  0|AC  0|TAMS 0x0000000702400000, 0x0000000702400000|
|  37|0x0000000702500000, 0x00000007025c67a8, 0x0000000702600000| 77%| O|  |TS  0|AC  0|TAMS 0x0000000702500000, 0x0000000702500000|
|  38|0x0000000702600000, 0x00000007026fd3e8, 0x0000000702700000| 98%| O|  |TS  0|AC  0|TAMS 0x0000000702600000, 0x0000000702600000|
|  39|0x0000000702700000, 0x00000007027ffff8, 0x0000000702800000| 99%| O|  |TS  0|AC  0|TAMS 0x0000000702700000, 0x0000000702700000|
|  40|0x0000000702800000, 0x00000007028ff878, 0x0000000702900000| 99%| O|  |TS  0|AC  0|TAMS 0x0000000702800000, 0x0000000702800000|
|  41|0x0000000702900000, 0x00000007029ffff8, 0x0000000702a00000| 99%| O|  |TS  0|AC  0|TAMS 0x0000000702900000, 0x0000000702900000|
|  42|0x0000000702a00000, 0x0000000702b00000, 0x0000000702b00000|100%| O|  |TS  0|AC  0|TAMS 0x0000000702a00000, 0x0000000702a00000|
|  43|0x0000000702b00000, 0x0000000702c00000, 0x0000000702c00000|100%| O|  |TS  0|AC  0|TAMS 0x0000000702b00000, 0x0000000702b00000|
|  44|0x0000000702c00000, 0x0000000702d00000, 0x0000000702d00000|100%| O|  |TS  0|AC  0|TAMS 0x0000000702c00000, 0x0000000702c00000|
|  45|0x0000000702d00000, 0x0000000702e00000, 0x0000000702e00000|100%|HS|  |TS  0|AC  0|TAMS 0x0000000702d00000, 0x0000000702d00000|
|  46|0x0000000702e00000, 0x0000000702f00000, 0x0000000702f00000|100%|HC|  |TS  0|AC  0|TAMS 0x0000000702e00000, 0x0000000702e00000|
|  47|0x0000000702f00000, 0x0000000703000000, 0x0000000703000000|100%|HC|  |TS  0|AC  0|TAMS 0x0000000702f00000, 0x0000000702f00000|
|  48|0x0000000703000000, 0x0000000703100000, 0x0000000703100000|100%|HC|  |TS  0|AC  0|TAMS 0x0000000703000000, 0x0000000703000000|
|  49|0x0000000703100000, 0x0000000703200000, 0x0000000703200000|100%|HC|  |TS  0|AC  0|TAMS 0x0000000703100000, 0x0000000703100000|
|  50|0x0000000703200000, 0x0000000703300000, 0x0000000703300000|100%|HC|  |TS  0|AC  0|TAMS 0x0000000703200000, 0x0000000703200000|
|  51|0x0000000703300000, 0x0000000703400000, 0x0000000703400000|100%|HC|  |TS  0|AC  0|TAMS 0x0000000703300000, 0x0000000703300000|
|  52|0x0000000703400000, 0x0000000703500000, 0x0000000703500000|100%|HC|  |TS  0|AC  0|TAMS 0x0000000703400000, 0x0000000703400000|
|  53|0x0000000703500000, 0x00000007035fffd0, 0x0000000703600000| 99%| O|  |TS  0|AC  0|TAMS 0x0000000703500000, 0x0000000703500000|
|  54|0x0000000703600000, 0x00000007036f99b0, 0x0000000703700000| 97%| O|  |TS  0|AC  0|TAMS 0x0000000703600000, 0x0000000703600000|
|  55|0x0000000703700000, 0x00000007037fffe8, 0x0000000703800000| 99%| O|  |TS  0|AC  0|TAMS 0x0000000703700000, 0x0000000703700000|
|  56|0x0000000703800000, 0x00000007038fffe8, 0x0000000703900000| 99%| O|  |TS  0|AC  0|TAMS 0x0000000703800000, 0x0000000703800000|
|  57|0x0000000703900000, 0x00000007039fffd8, 0x0000000703a00000| 99%| O|  |TS  0|AC  0|TAMS 0x0000000703900000, 0x0000000703900000|
|  58|0x0000000703a00000, 0x0000000703aea100, 0x0000000703b00000| 91%| O|  |TS  0|AC  0|TAMS 0x0000000703a00000, 0x0000000703a00000|
|  59|0x0000000703b00000, 0x0000000703b00000, 0x0000000703c00000|  0%| F|  |TS  0|AC  0|TAMS 0x0000000703b00000, 0x0000000703b00000|
|  60|0x0000000703c00000, 0x0000000703c00000, 0x0000000703d00000|  0%| F|  |TS  0|AC  0|TAMS 0x0000000703c00000, 0x0000000703c00000|
|  61|0x0000000703d00000, 0x0000000703d00000, 0x0000000703e00000|  0%| F|  |TS  0|AC  0|TAMS 0x0000000703d00000, 0x0000000703d00000|
|  62|0x0000000703e00000, 0x0000000703e00000, 0x0000000703f00000|  0%| F|  |TS  0|AC  0|TAMS 0x0000000703e00000, 0x0000000703e00000|
|  63|0x0000000703f00000, 0x0000000703f00000, 0x0000000704000000|  0%| F|  |TS  0|AC  0|TAMS 0x0000000703f00000, 0x0000000703f00000|
|  64|0x0000000704000000, 0x0000000704000000, 0x0000000704100000|  0%| F|  |TS  0|AC  0|TAMS 0x0000000704000000, 0x0000000704000000|
|  65|0x0000000704100000, 0x0000000704100000, 0x0000000704200000|  0%| F|  |TS  0|AC  0|TAMS 0x0000000704100000, 0x0000000704100000|
|  66|0x0000000704200000, 0x0000000704200000, 0x0000000704300000|  0%| F|  |TS  0|AC  0|TAMS 0x0000000704200000, 0x0000000704200000|
|  67|0x0000000704300000, 0x0000000704300000, 0x0000000704400000|  0%| F|  |TS  0|AC  0|TAMS 0x0000000704300000, 0x0000000704300000|
|  68|0x0000000704400000, 0x0000000704400000, 0x0000000704500000|  0%| F|  |TS  0|AC  0|TAMS 0x0000000704400000, 0x0000000704400000|
|  69|0x0000000704500000, 0x0000000704500000, 0x0000000704600000|  0%| F|  |TS  0|AC  0|TAMS 0x0000000704500000, 0x0000000704500000|
|  70|0x0000000704600000, 0x0000000704600000, 0x0000000704700000|  0%| F|  |TS  0|AC  0|TAMS 0x0000000704600000, 0x0000000704600000|
|  71|0x0000000704700000, 0x0000000704700000, 0x0000000704800000|  0%| F|  |TS  0|AC  0|TAMS 0x0000000704700000, 0x0000000704700000|
|  72|0x0000000704800000, 0x0000000704800000, 0x0000000704900000|  0%| F|  |TS  0|AC  0|TAMS 0x0000000704800000, 0x0000000704800000|
|  73|0x0000000704900000, 0x0000000704900000, 0x0000000704a00000|  0%| F|  |TS  0|AC  0|TAMS 0x0000000704900000, 0x0000000704900000|
|  74|0x0000000704a00000, 0x0000000704a00000, 0x0000000704b00000|  0%| F|  |TS  0|AC  0|TAMS 0x0000000704a00000, 0x0000000704a00000|
|  75|0x0000000704b00000, 0x0000000704b00000, 0x0000000704c00000|  0%| F|  |TS  0|AC  0|TAMS 0x0000000704b00000, 0x0000000704b00000|
|  76|0x0000000704c00000, 0x0000000704c00000, 0x0000000704d00000|  0%| F|  |TS  0|AC  0|TAMS 0x0000000704c00000, 0x0000000704c00000|
|  77|0x0000000704d00000, 0x0000000704d00000, 0x0000000704e00000|  0%| F|  |TS  0|AC  0|TAMS 0x0000000704d00000, 0x0000000704d00000|
|  78|0x0000000704e00000, 0x0000000704e00000, 0x0000000704f00000|  0%| F|  |TS  0|AC  0|TAMS 0x0000000704e00000, 0x0000000704e00000|
|  79|0x0000000704f00000, 0x0000000704f00000, 0x0000000705000000|  0%| F|  |TS  0|AC  0|TAMS 0x0000000704f00000, 0x0000000704f00000|
|  80|0x0000000705000000, 0x0000000705000000, 0x0000000705100000|  0%| F|  |TS  0|AC  0|TAMS 0x0000000705000000, 0x0000000705000000|
|  81|0x0000000705100000, 0x0000000705100000, 0x0000000705200000|  0%| F|  |TS  0|AC  0|TAMS 0x0000000705100000, 0x0000000705100000|
|  82|0x0000000705200000, 0x0000000705200000, 0x0000000705300000|  0%| F|  |TS  0|AC  0|TAMS 0x0000000705200000, 0x0000000705200000|
|  83|0x0000000705300000, 0x0000000705300000, 0x0000000705400000|  0%| F|  |TS  0|AC  0|TAMS 0x0000000705300000, 0x0000000705300000|
|  84|0x0000000705400000, 0x0000000705400000, 0x0000000705500000|  0%| F|  |TS  0|AC  0|TAMS 0x0000000705400000, 0x0000000705400000|
|  85|0x0000000705500000, 0x0000000705500000, 0x0000000705600000|  0%| F|  |TS  0|AC  0|TAMS 0x0000000705500000, 0x0000000705500000|
|  86|0x0000000705600000, 0x0000000705600000, 0x0000000705700000|  0%| F|  |TS  0|AC  0|TAMS 0x0000000705600000, 0x0000000705600000|
|  87|0x0000000705700000, 0x0000000705700000, 0x0000000705800000|  0%| F|  |TS  0|AC  0|TAMS 0x0000000705700000, 0x0000000705700000|
|  88|0x0000000705800000, 0x0000000705800000, 0x0000000705900000|  0%| F|  |TS  0|AC  0|TAMS 0x0000000705800000, 0x0000000705800000|
|  89|0x0000000705900000, 0x0000000705900000, 0x0000000705a00000|  0%| F|  |TS  0|AC  0|TAMS 0x0000000705900000, 0x0000000705900000|
|  90|0x0000000705a00000, 0x0000000705a00000, 0x0000000705b00000|  0%| F|  |TS  0|AC  0|TAMS 0x0000000705a00000, 0x0000000705a00000|
|  91|0x0000000705b00000, 0x0000000705b00000, 0x0000000705c00000|  0%| F|  |TS  0|AC  0|TAMS 0x0000000705b00000, 0x0000000705b00000|
|  92|0x0000000705c00000, 0x0000000705c00000, 0x0000000705d00000|  0%| F|  |TS  0|AC  0|TAMS 0x0000000705c00000, 0x0000000705c00000|
|  93|0x0000000705d00000, 0x0000000705d00000, 0x0000000705e00000|  0%| F|  |TS  0|AC  0|TAMS 0x0000000705d00000, 0x0000000705d00000|
|  94|0x0000000705e00000, 0x0000000705e00000, 0x0000000705f00000|  0%| F|  |TS  0|AC  0|TAMS 0x0000000705e00000, 0x0000000705e00000|
|  95|0x0000000705f00000, 0x0000000705f00000, 0x0000000706000000|  0%| F|  |TS  0|AC  0|TAMS 0x0000000705f00000, 0x0000000705f00000|
|  96|0x0000000706000000, 0x0000000706000000, 0x0000000706100000|  0%| F|  |TS  0|AC  0|TAMS 0x0000000706000000, 0x0000000706000000|
|  97|0x0000000706100000, 0x0000000706100000, 0x0000000706200000|  0%| F|  |TS  0|AC  0|TAMS 0x0000000706100000, 0x0000000706100000|
|  98|0x0000000706200000, 0x0000000706200000, 0x0000000706300000|  0%| F|  |TS  0|AC  0|TAMS 0x0000000706200000, 0x0000000706200000|
|  99|0x0000000706300000, 0x0000000706300000, 0x0000000706400000|  0%| F|  |TS  0|AC  0|TAMS 0x0000000706300000, 0x0000000706300000|
| 100|0x0000000706400000, 0x0000000706400000, 0x0000000706500000|  0%| F|  |TS  0|AC  0|TAMS 0x0000000706400000, 0x0000000706400000|
| 101|0x0000000706500000, 0x0000000706500000, 0x0000000706600000|  0%| F|  |TS  0|AC  0|TAMS 0x0000000706500000, 0x0000000706500000|
| 102|0x0000000706600000, 0x0000000706600000, 0x0000000706700000|  0%| F|  |TS  0|AC  0|TAMS 0x0000000706600000, 0x0000000706600000|
| 103|0x0000000706700000, 0x0000000706700000, 0x0000000706800000|  0%| F|  |TS  0|AC  0|TAMS 0x0000000706700000, 0x0000000706700000|
| 104|0x0000000706800000, 0x0000000706800000, 0x0000000706900000|  0%| F|  |TS 19|AC  0|TAMS 0x0000000706800000, 0x0000000706800000|
| 105|0x0000000706900000, 0x00000007069c5400, 0x0000000706a00000| 77%| S|CS|TS 21|AC  0|TAMS 0x0000000706900000, 0x0000000706900000|
| 106|0x0000000706a00000, 0x0000000706b00000, 0x0000000706b00000|100%| S|CS|TS 21|AC  0|TAMS 0x0000000706a00000, 0x0000000706a00000|
| 107|0x0000000706b00000, 0x0000000706c00000, 0x0000000706c00000|100%| S|CS|TS 21|AC  0|TAMS 0x0000000706b00000, 0x0000000706b00000|
| 108|0x0000000706c00000, 0x0000000706c00000, 0x0000000706d00000|  0%| F|  |TS 21|AC  0|TAMS 0x0000000706c00000, 0x0000000706c00000|
| 109|0x0000000706d00000, 0x0000000706d00000, 0x0000000706e00000|  0%| F|  |TS 21|AC  0|TAMS 0x0000000706d00000, 0x0000000706d00000|
| 110|0x0000000706e00000, 0x0000000706e00000, 0x0000000706f00000|  0%| F|  |TS 21|AC  0|TAMS 0x0000000706e00000, 0x0000000706e00000|
| 111|0x0000000706f00000, 0x0000000706f00000, 0x0000000707000000|  0%| F|  |TS 21|AC  0|TAMS 0x0000000706f00000, 0x0000000706f00000|
| 112|0x0000000707000000, 0x0000000707000000, 0x0000000707100000|  0%| F|  |TS 21|AC  0|TAMS 0x0000000707000000, 0x0000000707000000|
| 113|0x0000000707100000, 0x0000000707100000, 0x0000000707200000|  0%| F|  |TS 21|AC  0|TAMS 0x0000000707100000, 0x0000000707100000|
| 114|0x0000000707200000, 0x0000000707200000, 0x0000000707300000|  0%| F|  |TS 21|AC  0|TAMS 0x0000000707200000, 0x0000000707200000|
| 115|0x0000000707300000, 0x0000000707300000, 0x0000000707400000|  0%| F|  |TS 21|AC  0|TAMS 0x0000000707300000, 0x0000000707300000|
| 116|0x0000000707400000, 0x0000000707400000, 0x0000000707500000|  0%| F|  |TS 21|AC  0|TAMS 0x0000000707400000, 0x0000000707400000|
| 117|0x0000000707500000, 0x0000000707588038, 0x0000000707600000| 53%| E|  |TS 21|AC  0|TAMS 0x0000000707500000, 0x0000000707500000|
| 118|0x0000000707600000, 0x0000000707700000, 0x0000000707700000|100%| E|CS|TS 21|AC  0|TAMS 0x0000000707600000, 0x0000000707600000|
| 119|0x0000000707700000, 0x0000000707800000, 0x0000000707800000|100%| E|CS|TS 21|AC  0|TAMS 0x0000000707700000, 0x0000000707700000|
| 120|0x0000000707800000, 0x0000000707900000, 0x0000000707900000|100%| E|CS|TS 21|AC  0|TAMS 0x0000000707800000, 0x0000000707800000|
| 121|0x0000000707900000, 0x0000000707a00000, 0x0000000707a00000|100%| E|CS|TS 21|AC  0|TAMS 0x0000000707900000, 0x0000000707900000|
| 122|0x0000000707a00000, 0x0000000707b00000, 0x0000000707b00000|100%| E|CS|TS 21|AC  0|TAMS 0x0000000707a00000, 0x0000000707a00000|
| 123|0x0000000707b00000, 0x0000000707c00000, 0x0000000707c00000|100%| E|CS|TS 21|AC  0|TAMS 0x0000000707b00000, 0x0000000707b00000|
| 124|0x0000000707c00000, 0x0000000707d00000, 0x0000000707d00000|100%| E|CS|TS 21|AC  0|TAMS 0x0000000707c00000, 0x0000000707c00000|
| 125|0x0000000707d00000, 0x0000000707e00000, 0x0000000707e00000|100%| E|CS|TS 21|AC  0|TAMS 0x0000000707d00000, 0x0000000707d00000|
| 126|0x0000000707e00000, 0x0000000707f00000, 0x0000000707f00000|100%| E|CS|TS 21|AC  0|TAMS 0x0000000707e00000, 0x0000000707e00000|
| 127|0x0000000707f00000, 0x0000000708000000, 0x0000000708000000|100%| E|CS|TS 21|AC  0|TAMS 0x0000000707f00000, 0x0000000707f00000|
| 128|0x0000000708000000, 0x0000000708100000, 0x0000000708100000|100%| E|CS|TS 21|AC  0|TAMS 0x0000000708000000, 0x0000000708000000|
| 129|0x0000000708100000, 0x0000000708200000, 0x0000000708200000|100%| E|CS|TS 21|AC  0|TAMS 0x0000000708100000, 0x0000000708100000|
| 130|0x0000000708200000, 0x0000000708300000, 0x0000000708300000|100%| E|CS|TS 21|AC  0|TAMS 0x0000000708200000, 0x0000000708200000|
| 131|0x0000000708300000, 0x0000000708400000, 0x0000000708400000|100%| E|CS|TS 21|AC  0|TAMS 0x0000000708300000, 0x0000000708300000|
| 132|0x0000000708400000, 0x0000000708500000, 0x0000000708500000|100%| E|CS|TS 21|AC  0|TAMS 0x0000000708400000, 0x0000000708400000|
| 133|0x0000000708500000, 0x0000000708600000, 0x0000000708600000|100%| E|CS|TS 21|AC  0|TAMS 0x0000000708500000, 0x0000000708500000|
| 134|0x0000000708600000, 0x0000000708700000, 0x0000000708700000|100%| E|CS|TS 21|AC  0|TAMS 0x0000000708600000, 0x0000000708600000|
| 135|0x0000000708700000, 0x0000000708800000, 0x0000000708800000|100%| E|CS|TS 21|AC  0|TAMS 0x0000000708700000, 0x0000000708700000|
| 136|0x0000000708800000, 0x0000000708900000, 0x0000000708900000|100%| E|CS|TS 21|AC  0|TAMS 0x0000000708800000, 0x0000000708800000|
| 137|0x0000000708900000, 0x0000000708a00000, 0x0000000708a00000|100%| E|CS|TS 21|AC  0|TAMS 0x0000000708900000, 0x0000000708900000|
| 138|0x0000000708a00000, 0x0000000708b00000, 0x0000000708b00000|100%| E|CS|TS 21|AC  0|TAMS 0x0000000708a00000, 0x0000000708a00000|
| 139|0x0000000708b00000, 0x0000000708c00000, 0x0000000708c00000|100%| E|CS|TS 21|AC  0|TAMS 0x0000000708b00000, 0x0000000708b00000|
| 140|0x0000000708c00000, 0x0000000708d00000, 0x0000000708d00000|100%| E|CS|TS 21|AC  0|TAMS 0x0000000708c00000, 0x0000000708c00000|
| 141|0x0000000708d00000, 0x0000000708e00000, 0x0000000708e00000|100%| E|CS|TS 21|AC  0|TAMS 0x0000000708d00000, 0x0000000708d00000|
| 142|0x0000000708e00000, 0x0000000708f00000, 0x0000000708f00000|100%| E|CS|TS 21|AC  0|TAMS 0x0000000708e00000, 0x0000000708e00000|
| 143|0x0000000708f00000, 0x0000000709000000, 0x0000000709000000|100%| E|CS|TS 21|AC  0|TAMS 0x0000000708f00000, 0x0000000708f00000|
| 144|0x0000000709000000, 0x0000000709100000, 0x0000000709100000|100%| E|CS|TS 21|AC  0|TAMS 0x0000000709000000, 0x0000000709000000|
| 145|0x0000000709100000, 0x0000000709200000, 0x0000000709200000|100%| E|CS|TS 21|AC  0|TAMS 0x0000000709100000, 0x0000000709100000|
| 146|0x0000000709200000, 0x0000000709300000, 0x0000000709300000|100%| E|CS|TS 21|AC  0|TAMS 0x0000000709200000, 0x0000000709200000|
| 147|0x0000000709300000, 0x0000000709400000, 0x0000000709400000|100%| E|CS|TS 21|AC  0|TAMS 0x0000000709300000, 0x0000000709300000|
| 148|0x0000000709400000, 0x0000000709500000, 0x0000000709500000|100%| E|CS|TS 21|AC  0|TAMS 0x0000000709400000, 0x0000000709400000|
| 149|0x0000000709500000, 0x0000000709600000, 0x0000000709600000|100%| E|CS|TS 21|AC  0|TAMS 0x0000000709500000, 0x0000000709500000|
| 150|0x0000000709600000, 0x0000000709700000, 0x0000000709700000|100%| E|CS|TS 21|AC  0|TAMS 0x0000000709600000, 0x0000000709600000|
| 151|0x0000000709700000, 0x0000000709800000, 0x0000000709800000|100%| E|CS|TS 21|AC  0|TAMS 0x0000000709700000, 0x0000000709700000|
| 152|0x0000000709800000, 0x0000000709900000, 0x0000000709900000|100%| E|CS|TS 21|AC  0|TAMS 0x0000000709800000, 0x0000000709800000|
| 153|0x0000000709900000, 0x0000000709a00000, 0x0000000709a00000|100%| E|CS|TS 21|AC  0|TAMS 0x0000000709900000, 0x0000000709900000|
| 154|0x0000000709a00000, 0x0000000709b00000, 0x0000000709b00000|100%| E|CS|TS 21|AC  0|TAMS 0x0000000709a00000, 0x0000000709a00000|
| 155|0x0000000709b00000, 0x0000000709c00000, 0x0000000709c00000|100%| E|CS|TS 21|AC  0|TAMS 0x0000000709b00000, 0x0000000709b00000|
| 156|0x0000000709c00000, 0x0000000709d00000, 0x0000000709d00000|100%| E|CS|TS 21|AC  0|TAMS 0x0000000709c00000, 0x0000000709c00000|
| 157|0x0000000709d00000, 0x0000000709e00000, 0x0000000709e00000|100%| E|CS|TS 21|AC  0|TAMS 0x0000000709d00000, 0x0000000709d00000|
| 158|0x0000000709e00000, 0x0000000709f00000, 0x0000000709f00000|100%| E|CS|TS 21|AC  0|TAMS 0x0000000709e00000, 0x0000000709e00000|
| 159|0x0000000709f00000, 0x000000070a000000, 0x000000070a000000|100%| E|CS|TS 21|AC  0|TAMS 0x0000000709f00000, 0x0000000709f00000|
| 160|0x000000070a000000, 0x000000070a100000, 0x000000070a100000|100%| E|CS|TS 21|AC  0|TAMS 0x000000070a000000, 0x000000070a000000|
| 161|0x000000070a100000, 0x000000070a200000, 0x000000070a200000|100%| E|CS|TS 21|AC  0|TAMS 0x000000070a100000, 0x000000070a100000|
| 162|0x000000070a200000, 0x000000070a300000, 0x000000070a300000|100%| E|CS|TS 21|AC  0|TAMS 0x000000070a200000, 0x000000070a200000|
| 163|0x000000070a300000, 0x000000070a400000, 0x000000070a400000|100%| E|CS|TS 21|AC  0|TAMS 0x000000070a300000, 0x000000070a300000|
| 164|0x000000070a400000, 0x000000070a500000, 0x000000070a500000|100%| E|CS|TS 21|AC  0|TAMS 0x000000070a400000, 0x000000070a400000|
| 165|0x000000070a500000, 0x000000070a600000, 0x000000070a600000|100%| E|CS|TS 21|AC  0|TAMS 0x000000070a500000, 0x000000070a500000|
| 166|0x000000070a600000, 0x000000070a700000, 0x000000070a700000|100%| E|CS|TS 21|AC  0|TAMS 0x000000070a600000, 0x000000070a600000|
| 167|0x000000070a700000, 0x000000070a800000, 0x000000070a800000|100%| E|CS|TS 21|AC  0|TAMS 0x000000070a700000, 0x000000070a700000|

Card table byte_map: [0x000001b13d970000,0x000001b13df70000] byte_map_base: 0x000001b13a170000

Marking Bits (Prev, Next): (CMBitMap*) 0x000001b141acdd50, (CMBitMap*) 0x000001b141acdd88
 Prev Bits: [0x000001b1586c0000, 0x000001b15b6c0000)
 Next Bits: [0x000001b15b6c0000, 0x000001b15e6c0000)

Polling page: 0x000001b134ce0000

CodeHeap 'non-profiled nmethods': size=120000Kb used=14832Kb max_used=15162Kb free=105167Kb
 bounds [0x000001b151190000, 0x000001b152070000, 0x000001b1586c0000]
CodeHeap 'profiled nmethods': size=120000Kb used=30181Kb max_used=34391Kb free=89818Kb
 bounds [0x000001b149c60000, 0x000001b14be20000, 0x000001b151190000]
CodeHeap 'non-nmethods': size=5760Kb used=1720Kb max_used=1760Kb free=4039Kb
 bounds [0x000001b1496c0000, 0x000001b149930000, 0x000001b149c60000]
 total_blobs=22829 nmethods=12549 adapters=1024
 compilation: enabled

Compilation events (10 events):
Event: 237.829 Thread 0x000001b1380e8000 15723       4       java.nio.charset.CoderResult::isUnderflow (13 bytes)
Event: 237.829 Thread 0x000001b1380e8000 nmethod 15723 0x000001b1517c2b10 code [0x000001b1517c2ca0, 0x000001b1517c2d18]
Event: 237.829 Thread 0x000001b1380e8000 15717       4       jdk.internal.math.FloatingDecimal$BinaryToASCIIBuffer::getChars (502 bytes)
Event: 237.834 Thread 0x000001b1380e8000 nmethod 15717 0x000001b151aaa110 code [0x000001b151aaa2c0, 0x000001b151aaa7d8]
Event: 237.834 Thread 0x000001b1380e8000 15712       4       ui.views.S.b.d::paint (103 bytes)
Event: 237.835 Thread 0x000001b1380e8000 nmethod 15712 0x000001b151a88f90 code [0x000001b151a89120, 0x000001b151a89228]
Event: 237.841 Thread 0x000001b1380e9000 nmethod 15714 0x000001b151aa7b10 code [0x000001b151aa7d40, 0x000001b151aa95b8]
Event: 237.848 Thread 0x000001b1380e8000 15725       4       ui.views.S.b.e::LZ (14 bytes)
Event: 237.849 Thread 0x000001b1380e8000 nmethod 15725 0x000001b151833890 code [0x000001b151833a20, 0x000001b151833a98]
Event: 237.851 Thread 0x000001b1380e9000 15726       4       sun.swing.SwingUtilities2::drawChars (414 bytes)

GC Heap History (10 events):
Event: 205.557 GC heap before
{Heap before GC invocations=53 (full 2):
 garbage-first heap   total 172032K, used 120480K [0x0000000700000000, 0x0000000700100540, 0x00000007c0000000)
  region size 1024K, 60 young (61440K), 2 survivors (2048K)
 Metaspace       used 74871K, capacity 79391K, committed 79484K, reserved 1118208K
  class space    used 10571K, capacity 11374K, committed 11388K, reserved 1048576K
}
Event: 205.560 GC heap after
{Heap after GC invocations=54 (full 2):
 garbage-first heap   total 172032K, used 61488K [0x0000000700000000, 0x0000000700100540, 0x00000007c0000000)
  region size 1024K, 3 young (3072K), 3 survivors (3072K)
 Metaspace       used 74871K, capacity 79391K, committed 79484K, reserved 1118208K
  class space    used 10571K, capacity 11374K, committed 11388K, reserved 1048576K
}
Event: 207.277 GC heap before
{Heap before GC invocations=54 (full 2):
 garbage-first heap   total 172032K, used 119856K [0x0000000700000000, 0x0000000700100540, 0x00000007c0000000)
  region size 1024K, 60 young (61440K), 3 survivors (3072K)
 Metaspace       used 75221K, capacity 80213K, committed 80508K, reserved 1118208K
  class space    used 10654K, capacity 11529K, committed 11644K, reserved 1048576K
}
Event: 207.280 GC heap after
{Heap after GC invocations=55 (full 2):
 garbage-first heap   total 172032K, used 61965K [0x0000000700000000, 0x0000000700100540, 0x00000007c0000000)
  region size 1024K, 3 young (3072K), 3 survivors (3072K)
 Metaspace       used 75221K, capacity 80213K, committed 80508K, reserved 1118208K
  class space    used 10654K, capacity 11529K, committed 11644K, reserved 1048576K
}
Event: 207.562 GC heap before
{Heap before GC invocations=55 (full 2):
 garbage-first heap   total 172032K, used 120333K [0x0000000700000000, 0x0000000700100540, 0x00000007c0000000)
  region size 1024K, 60 young (61440K), 3 survivors (3072K)
 Metaspace       used 75239K, capacity 80277K, committed 80508K, reserved 1118208K
  class space    used 10654K, capacity 11529K, committed 11644K, reserved 1048576K
}
Event: 207.566 GC heap after
{Heap after GC invocations=56 (full 2):
 garbage-first heap   total 172032K, used 62818K [0x0000000700000000, 0x0000000700100540, 0x00000007c0000000)
  region size 1024K, 4 young (4096K), 4 survivors (4096K)
 Metaspace       used 75239K, capacity 80277K, committed 80508K, reserved 1118208K
  class space    used 10654K, capacity 11529K, committed 11644K, reserved 1048576K
}
Event: 215.439 GC heap before
{Heap before GC invocations=56 (full 2):
 garbage-first heap   total 172032K, used 120162K [0x0000000700000000, 0x0000000700100540, 0x00000007c0000000)
  region size 1024K, 60 young (61440K), 4 survivors (4096K)
 Metaspace       used 75331K, capacity 80343K, committed 80508K, reserved 1118208K
  class space    used 10655K, capacity 11530K, committed 11644K, reserved 1048576K
}
Event: 215.444 GC heap after
{Heap after GC invocations=57 (full 2):
 garbage-first heap   total 172032K, used 62097K [0x0000000700000000, 0x0000000700100540, 0x00000007c0000000)
  region size 1024K, 3 young (3072K), 3 survivors (3072K)
 Metaspace       used 75331K, capacity 80343K, committed 80508K, reserved 1118208K
  class space    used 10655K, capacity 11530K, committed 11644K, reserved 1048576K
}
Event: 236.884 GC heap before
{Heap before GC invocations=57 (full 2):
 garbage-first heap   total 172032K, used 120465K [0x0000000700000000, 0x0000000700100540, 0x00000007c0000000)
  region size 1024K, 60 young (61440K), 3 survivors (3072K)
 Metaspace       used 75427K, capacity 80477K, committed 80764K, reserved 1118208K
  class space    used 10656K, capacity 11531K, committed 11644K, reserved 1048576K
}
Event: 236.888 GC heap after
{Heap after GC invocations=58 (full 2):
 garbage-first heap   total 172032K, used 62055K [0x0000000700000000, 0x0000000700100540, 0x00000007c0000000)
  region size 1024K, 3 young (3072K), 3 survivors (3072K)
 Metaspace       used 75427K, capacity 80477K, committed 80764K, reserved 1118208K
  class space    used 10656K, capacity 11531K, committed 11644K, reserved 1048576K
}

Deoptimization events (10 events):
Event: 215.195 Thread 0x000001b13cf1a800 Uncommon trap: reason=speculate_class_check action=maybe_recompile pc=0x000001b151743c34 method=java.awt.Component.dispatchEvent(Ljava/awt/AWTEvent;)V @ 2 c2
Event: 215.227 Thread 0x000001b13cf1a800 Uncommon trap: reason=speculate_class_check action=maybe_recompile pc=0x000001b151c0561c method=java.awt.DefaultKeyboardFocusManager.dispatchEvent(Ljava/awt/AWTEvent;)Z @ 1467 c2
Event: 215.466 Thread 0x000001b13cf1a800 Uncommon trap: reason=unstable_if action=reinterpret pc=0x000001b151eee2a8 method=java.util.PriorityQueue.offer(Ljava/lang/Object;)Z @ 33 c2
Event: 226.065 Thread 0x000001b13c6df000 Uncommon trap: reason=unstable_if action=reinterpret pc=0x000001b1516a4f18 method=java.util.concurrent.locks.AbstractQueuedSynchronizer.acquireQueued(Ljava/util/concurrent/locks/AbstractQueuedSynchronizer$Node;I)Z @ 14 c2
Event: 226.065 Thread 0x000001b13cf1a800 Uncommon trap: reason=unstable_if action=reinterpret pc=0x000001b151cf4918 method=java.util.concurrent.locks.AbstractQueuedSynchronizer.isOnSyncQueue(Ljava/util/concurrent/locks/AbstractQueuedSynchronizer$Node;)Z @ 22 c2
Event: 237.354 Thread 0x000001b13cf1a800 Uncommon trap: reason=unstable_if action=reinterpret pc=0x000001b1515b7078 method=java.awt.LightweightDispatcher.eventDispatched(Ljava/awt/AWTEvent;)V @ 122 c2
Event: 237.354 Thread 0x000001b13cf1a800 Uncommon trap: reason=unstable_if action=reinterpret pc=0x000001b15177e880 method=javax.swing.JComponent.processMouseMotionEvent(Ljava/awt/event/MouseEvent;)V @ 16 c2
Event: 237.607 Thread 0x000001b13cf1a800 Uncommon trap: reason=unstable_if action=reinterpret pc=0x000001b151fa94a0 method=sun.java2d.SunGraphics2D.getClipBounds()Ljava/awt/Rectangle; @ 4 c2
Event: 237.646 Thread 0x000001b13cf1a800 Uncommon trap: reason=unstable_if action=reinterpret pc=0x000001b151b1c4c4 method=sun.java2d.SunGraphics2D.getClipBounds()Ljava/awt/Rectangle; @ 4 c2
Event: 237.647 Thread 0x000001b13cf1a800 Uncommon trap: reason=unstable_if action=reinterpret pc=0x000001b1513d8f5c method=sun.java2d.SunGraphics2D.setComposite(Ljava/awt/Composite;)V @ 107 c2

Classes redefined (0 events):
No events

Internal exceptions (10 events):
Event: 205.678 Thread 0x000001b13cf1a800 Exception <a 'java/lang/NoSuchMethodError'{0x00000007092ae7d8}: method resolution failed> (0x00000007092ae7d8) thrown at [t:/workspace/hotspot/src/share/vm/prims/methodHandles.cpp, line 1256]
Event: 205.678 Thread 0x000001b13cf1a800 Exception <a 'java/lang/NoSuchMethodError'{0x00000007092b46c8}: java.lang.invoke.DelegatingMethodHandle$Holder.reinvoke_L(Ljava/lang/Object;Ljava/lang/Object;IILjava/lang/Object;Ljava/lang/Object;Ljava/lang/Object;Ljava/lang/Object;Ljava/lang/Object;Ljava
Event: 205.681 Thread 0x000001b13cf1a800 Exception <a 'java/lang/NoSuchMethodError'{0x00000007091d2b60}: java.lang.invoke.DirectMethodHandle$Holder.invokeSpecial(Ljava/lang/Object;Ljava/lang/Object;IILjava/lang/Object;Ljava/lang/Object;Ljava/lang/Object;Ljava/lang/Object;Ljava/lang/Object;Ljava/
Event: 205.682 Thread 0x000001b13cf1a800 Exception <a 'java/lang/NoSuchMethodError'{0x00000007091d7dd0}: java.lang.invoke.DelegatingMethodHandle$Holder.reinvoke_L(Ljava/lang/Object;IILjava/lang/Object;Ljava/lang/Object;Ljava/lang/Object;Ljava/lang/Object;Ljava/lang/Object;Ljava/lang/Object;Ljava
Event: 205.685 Thread 0x000001b13cf1a800 Exception <a 'java/lang/NoSuchMethodError'{0x00000007090aa250}: java.lang.invoke.DirectMethodHandle$Holder.invokeSpecial(Ljava/lang/Object;Ljava/lang/Object;Ljava/lang/Object;Ljava/lang/Object;Ljava/lang/Object;Ljava/lang/Object;Ljava/lang/Object;Ljava/la
Event: 205.689 Thread 0x000001b13cf1a800 Exception <a 'java/lang/NoSuchMethodError'{0x0000000708f5afd8}: java.lang.invoke.DirectMethodHandle$Holder.invokeSpecial(Ljava/lang/Object;Ljava/lang/Object;IIILjava/lang/Object;IIII)Ljava/lang/Object;> (0x0000000708f5afd8) thrown at [t:/workspace/hotspot
Event: 205.690 Thread 0x000001b13cf1a800 Exception <a 'java/lang/NoSuchMethodError'{0x0000000708f5e7a0}: java.lang.invoke.DelegatingMethodHandle$Holder.reinvoke_L(Ljava/lang/Object;IIILjava/lang/Object;IIII)Ljava/lang/Object;> (0x0000000708f5e7a0) thrown at [t:/workspace/hotspot/src/share/vm/int
Event: 205.692 Thread 0x000001b13cf1a800 Exception <a 'java/lang/NoSuchMethodError'{0x0000000708fb6060}: method resolution failed> (0x0000000708fb6060) thrown at [t:/workspace/hotspot/src/share/vm/prims/methodHandles.cpp, line 1256]
Event: 205.692 Thread 0x000001b13cf1a800 Exception <a 'java/lang/NoSuchMethodError'{0x0000000708fb98a8}: java.lang.invoke.DelegatingMethodHandle$Holder.reinvoke_L(Ljava/lang/Object;Ljava/lang/Object;IIII)Ljava/lang/Object;> (0x0000000708fb98a8) thrown at [t:/workspace/hotspot/src/share/vm/interp
Event: 215.526 Thread 0x000001b163ab1800 Exception <a 'java/lang/InterruptedException'{0x000000070a708be8}: sleep interrupted> (0x000000070a708be8) thrown at [t:/workspace/hotspot/src/share/vm/prims/jvm.cpp, line 2984]

Events (10 events):
Event: 237.647 Thread 0x000001b13cf1a800 DEOPT PACKING pc=0x000001b1513d8f5c sp=0x000000a2891f5200
Event: 237.647 Thread 0x000001b13cf1a800 DEOPT UNPACKING pc=0x000001b14970df29 sp=0x000000a2891f51c0 mode 2
Event: 237.650 Thread 0x000001b163ab1800 Thread added: 0x000001b163ab1800
Event: 237.652 Thread 0x000001b163ab1800 Thread exited: 0x000001b163ab1800
Event: 237.657 Executing VM operation: RevokeBias
Event: 237.657 Executing VM operation: RevokeBias done
Event: 237.660 loading class ui/views/c/dJ
Event: 237.660 loading class ui/views/c/dJ done
Event: 237.662 Thread 0x000001b163aae800 Thread added: 0x000001b163aae800
Event: 237.724 Thread 0x000001b163ab0000 Thread added: 0x000001b163ab0000


Dynamic libraries:
0x00007ff71b430000 - 0x00007ff71b460000 	C:\Xilinx\Vivado\2019.2\bin\unwrapped\win64.o\vivado.exe
0x00007fff31880000 - 0x00007fff31a70000 	C:\WINDOWS\SYSTEM32\ntdll.dll
0x00007fff316d0000 - 0x00007fff31782000 	C:\WINDOWS\System32\KERNEL32.DLL
0x00007fff2ea10000 - 0x00007fff2ecb4000 	C:\WINDOWS\System32\KERNELBASE.dll
0x00007fff2e810000 - 0x00007fff2e90a000 	C:\WINDOWS\System32\ucrtbase.dll
0x00007fff22260000 - 0x00007fff222f1000 	C:\WINDOWS\SYSTEM32\MSVCP140.dll
0x00007fff22020000 - 0x00007fff22034000 	C:\Xilinx\Vivado\2019.2\lib\win64.o\libboost_signals.dll
0x00007ffedc490000 - 0x00007ffedd3d3000 	C:\Xilinx\Vivado\2019.2\lib\win64.o\librdi_common.dll
0x00007fff21f10000 - 0x00007fff21f26000 	C:\Xilinx\Vivado\2019.2\lib\win64.o\librdi_commonmain.dll
0x00007fff225e0000 - 0x00007fff225f9000 	C:\WINDOWS\SYSTEM32\VCRUNTIME140.dll
0x00007fff30990000 - 0x00007fff30b24000 	C:\WINDOWS\System32\USER32.dll
0x00007fff2ece0000 - 0x00007fff2ed01000 	C:\WINDOWS\System32\win32u.dll
0x00007fff21a80000 - 0x00007fff21a8c000 	C:\WINDOWS\SYSTEM32\VCRUNTIME140_1.dll
0x00007fff2ffe0000 - 0x00007fff30006000 	C:\WINDOWS\System32\GDI32.dll
0x00007fff2ef00000 - 0x00007fff2f095000 	C:\WINDOWS\System32\gdi32full.dll
0x00007fff2ed10000 - 0x00007fff2edae000 	C:\WINDOWS\System32\msvcp_win.dll
0x00007fff2ff30000 - 0x00007fff2ffd3000 	C:\WINDOWS\System32\ADVAPI32.dll
0x00007ffedffd0000 - 0x00007ffee033e000 	C:\Xilinx\Vivado\2019.2\lib\win64.o\libCOIN-all.dll
0x00007fff21ab0000 - 0x00007fff21ac4000 	C:\Xilinx\Vivado\2019.2\lib\win64.o\libboost_date_time.dll
0x00007fff21c40000 - 0x00007fff21c66000 	C:\Xilinx\Vivado\2019.2\lib\win64.o\libboost_filesystem.dll
0x00007fff30740000 - 0x00007fff307de000 	C:\WINDOWS\System32\msvcrt.dll
0x00007fff31790000 - 0x00007fff31827000 	C:\WINDOWS\System32\sechost.dll
0x00007fff30b90000 - 0x00007fff30cb0000 	C:\WINDOWS\System32\RPCRT4.dll
0x00007fff30e80000 - 0x00007fff31566000 	C:\WINDOWS\System32\SHELL32.dll
0x00007fff2a310000 - 0x00007fff2a31a000 	C:\Xilinx\Vivado\2019.2\lib\win64.o\librdi_commonversion.dll
0x00007fff16750000 - 0x00007fff167cf000 	C:\Xilinx\Vivado\2019.2\lib\win64.o\libboost_program_options.dll
0x00007fff2e9c0000 - 0x00007fff2ea0a000 	C:\WINDOWS\System32\cfgmgr32.dll
0x00007ffef5fa0000 - 0x00007ffef6141000 	C:\Xilinx\Vivado\2019.2\lib\win64.o\librdi_commonxillic.dll
0x00007fff30dd0000 - 0x00007fff30e79000 	C:\WINDOWS\System32\shcore.dll
0x00007fff30cb0000 - 0x00007fff30d1f000 	C:\WINDOWS\System32\WS2_32.dll
0x00007fff2fa10000 - 0x00007fff2fd45000 	C:\WINDOWS\System32\combase.dll
0x00007fff2f8a0000 - 0x00007fff2f8c6000 	C:\WINDOWS\System32\bcrypt.dll
0x00007fff16570000 - 0x00007fff16684000 	C:\Xilinx\Vivado\2019.2\lib\win64.o\libboost_regex.dll
0x000000006c410000 - 0x000000006c53b000 	C:\Xilinx\Vivado\2019.2\lib\win64.o\tcl85t.dll
0x00007fff2f820000 - 0x00007fff2f8a0000 	C:\WINDOWS\System32\bcryptPrimitives.dll
0x00007fff2f0a0000 - 0x00007fff2f820000 	C:\WINDOWS\System32\windows.storage.dll
0x00007fff2e790000 - 0x00007fff2e7b3000 	C:\WINDOWS\System32\profapi.dll
0x00007fff2e7c0000 - 0x00007fff2e80a000 	C:\WINDOWS\System32\powrprof.dll
0x00007fff21330000 - 0x00007fff21351000 	C:\Xilinx\Vivado\2019.2\lib\win64.o\libboost_thread.dll
0x00007fff2a1c0000 - 0x00007fff2a1cb000 	C:\Xilinx\Vivado\2019.2\lib\win64.o\libboost_system.dll
0x00007fff280d0000 - 0x00007fff280df000 	C:\Xilinx\Vivado\2019.2\lib\win64.o\libboost_xilinx.dll
0x00007fff2e740000 - 0x00007fff2e750000 	C:\WINDOWS\System32\UMPDC.dll
0x00007fff30b30000 - 0x00007fff30b82000 	C:\WINDOWS\System32\shlwapi.dll
0x00007fff2e750000 - 0x00007fff2e761000 	C:\WINDOWS\System32\kernel.appcore.dll
0x00007fff2ecc0000 - 0x00007fff2ecd7000 	C:\WINDOWS\System32\cryptsp.dll
0x00007fff15b80000 - 0x00007fff15c02000 	C:\Xilinx\Vivado\2019.2\lib\win64.o\libhdlpsolve.dll
0x00007fff15ad0000 - 0x00007fff15b75000 	C:\Xilinx\Vivado\2019.2\lib\win64.o\libhdxml.dll
0x00007ffedb0f0000 - 0x00007ffedbcec200 	C:\Xilinx\Vivado\2019.2\lib\win64.o\libisl_iostreams.dll
0x00007fff186c0000 - 0x00007fff18725000 	C:\Xilinx\Vivado\2019.2\lib\win64.o\liblmx6.0.dll
0x00007fff21240000 - 0x00007fff2126e000 	C:\Xilinx\Vivado\2019.2\lib\win64.o\libisl_sysinfo.dll
0x00007fff21310000 - 0x00007fff2132a000 	C:\Xilinx\Vivado\2019.2\lib\win64.o\pthreadVC2.dll
0x00007fff209f0000 - 0x00007fff20a0c000 	C:\Xilinx\Vivado\2019.2\lib\win64.o\librdiconfig.dll
0x00007fff20f60000 - 0x00007fff20f81000 	C:\Xilinx\Vivado\2019.2\lib\win64.o\librdizlib.dll
0x0000000012000000 - 0x0000000012270000 	C:\Xilinx\Vivado\2019.2\lib\win64.o\xerces-c_3_1.dll
0x00007fff1c130000 - 0x00007fff1c147000 	C:\WINDOWS\SYSTEM32\NETAPI32.dll
0x00007fff14f40000 - 0x00007fff15415000 	C:\WINDOWS\SYSTEM32\WININET.dll
0x00007fff25bd0000 - 0x00007fff25cc0000 	C:\WINDOWS\SYSTEM32\WINHTTP.dll
0x00007fff22ca0000 - 0x00007fff22e76000 	C:\WINDOWS\SYSTEM32\urlmon.dll
0x00007ffedf2c0000 - 0x00007ffedf59b000 	C:\Xilinx\Vivado\2019.2\lib\win64.o\libXil_lmgr11.dll
0x00007fff308b0000 - 0x00007fff30980000 	C:\WINDOWS\System32\COMDLG32.dll
0x00007fff277a0000 - 0x00007fff277ad000 	C:\Xilinx\Vivado\2019.2\lib\win64.o\libboost_chrono.dll
0x00007fff307e0000 - 0x00007fff308a5000 	C:\WINDOWS\System32\OLEAUT32.dll
0x00007fff31570000 - 0x00007fff316c7000 	C:\WINDOWS\System32\ole32.dll
0x00007fff2f8d0000 - 0x00007fff2f92c000 	C:\WINDOWS\System32\WINTRUST.dll
0x00007fff279f0000 - 0x00007fff279f9000 	C:\WINDOWS\SYSTEM32\WSOCK32.dll
0x00007fff19d80000 - 0x00007fff19da8000 	C:\WINDOWS\SYSTEM32\VCOMP140.DLL
0x00007fff2e770000 - 0x00007fff2e782000 	C:\WINDOWS\System32\MSASN1.dll
0x00007ffebfb90000 - 0x00007ffec0a21000 	C:\Xilinx\Vivado\2019.2\lib\win64.o\gurobi65.dll
0x00007fff2edb0000 - 0x00007fff2eef9000 	C:\WINDOWS\System32\CRYPT32.dll
0x00007fff209d0000 - 0x00007fff209eb000 	C:\Xilinx\Vivado\2019.2\lib\win64.o\libboost_iostreams.dll
0x00007fff18bc0000 - 0x00007fff18be5000 	C:\Xilinx\Vivado\2019.2\lib\win64.o\libisl_iosutils.dll
0x00007fff21690000 - 0x00007fff21936000 	C:\WINDOWS\SYSTEM32\iertutil.dll
0x00007fff292e0000 - 0x00007fff29389000 	C:\WINDOWS\WinSxS\amd64_microsoft.windows.common-controls_6595b64144ccf1df_5.82.18362.900_none_2a238898466d6da2\COMCTL32.dll
0x00007fff28e80000 - 0x00007fff28e9c000 	C:\WINDOWS\SYSTEM32\dhcpcsvc.DLL
0x00007fff30dc0000 - 0x00007fff30dc8000 	C:\WINDOWS\System32\NSI.dll
0x00007fff2e120000 - 0x00007fff2e12c000 	C:\WINDOWS\SYSTEM32\CRYPTBASE.DLL
0x00007fff2dca0000 - 0x00007fff2dcac000 	C:\WINDOWS\SYSTEM32\NETUTILS.DLL
0x00007fff30d90000 - 0x00007fff30dbe000 	C:\WINDOWS\System32\IMM32.DLL
0x00007ffedabd0000 - 0x00007ffedb0e7000 	C:\Xilinx\Vivado\2019.2\lib\win64.o\librdi_commontasks.dll
0x00007fff2a690000 - 0x00007fff2a69a000 	C:\WINDOWS\SYSTEM32\VERSION.dll
0x000000006a180000 - 0x000000006aba5000 	C:\Xilinx\Vivado\2019.2\tps\win64\jre9.0.4\bin\server\jvm.dll
0x00007ffedefd0000 - 0x00007ffedf2b3000 	C:\Xilinx\Vivado\2019.2\lib\win64.o\librdi_sio.dll
0x00007fff31830000 - 0x00007fff31838000 	C:\WINDOWS\System32\PSAPI.DLL
0x00007fff2c7d0000 - 0x00007fff2c7f4000 	C:\WINDOWS\SYSTEM32\WINMM.dll
0x00007fff2dc60000 - 0x00007fff2dc9a000 	C:\WINDOWS\SYSTEM32\IPHLPAPI.DLL
0x00007ffef5dc0000 - 0x00007ffef5eaf000 	C:\WINDOWS\SYSTEM32\MSVCR120.dll
0x00007fff2c7a0000 - 0x00007fff2c7cd000 	C:\WINDOWS\SYSTEM32\winmmbase.dll
0x00007fff2df50000 - 0x00007fff2dfb7000 	C:\WINDOWS\SYSTEM32\MSWSOCK.DLL
0x00007ffe9ef20000 - 0x00007ffea1665000 	C:\Xilinx\Vivado\2019.2\lib\win64.o\librdi_tcltasks.dll
0x00007fff103e0000 - 0x00007fff1045b000 	C:\Xilinx\Vivado\2019.2\lib\win64.o\librdi_boarddep.dll
0x00007ffedbfd0000 - 0x00007ffedc484000 	C:\Xilinx\Vivado\2019.2\lib\win64.o\librdi_bitstream.dll
0x00007ffee1040000 - 0x00007ffee11dd000 	C:\Xilinx\Vivado\2019.2\lib\win64.o\librdi_board.dll
0x00007ffedfe70000 - 0x00007ffedffc2000 	C:\Xilinx\Vivado\2019.2\lib\win64.o\librdi_cd_client.dll
0x00007ffef1ac0000 - 0x00007ffef1baf000 	C:\Xilinx\Vivado\2019.2\lib\win64.o\librdi_chipscope.dll
0x00007ffedaa10000 - 0x00007ffedabd0000 	C:\Xilinx\Vivado\2019.2\lib\win64.o\librdi_chipscopeimpl.dll
0x00007ffe9d440000 - 0x00007ffe9ef1a000 	C:\Xilinx\Vivado\2019.2\lib\win64.o\librdi_constraints.dll
0x00007ffeda6e0000 - 0x00007ffedaa04000 	C:\Xilinx\Vivado\2019.2\lib\win64.o\librdi_containers.dll
0x00007ffe9b450000 - 0x00007ffe9d440000 	C:\Xilinx\Vivado\2019.2\lib\win64.o\librdi_coregen.dll
0x00007ffebf4b0000 - 0x00007ffebfb89000 	C:\Xilinx\Vivado\2019.2\lib\win64.o\librdi_coregenipxact.dll
0x00007ffe97180000 - 0x00007ffe9b44b000 	C:\Xilinx\Vivado\2019.2\lib\win64.o\librdi_designutils.dll
0x00007ffe825d0000 - 0x00007ffe9717b000 	C:\Xilinx\Vivado\2019.2\lib\win64.o\librdi_device.dll
0x00007ffeda390000 - 0x00007ffeda6da000 	C:\Xilinx\Vivado\2019.2\lib\win64.o\librdi_dlyest.dll
0x00007ffeb8830000 - 0x00007ffeb8dfd000 	C:\Xilinx\Vivado\2019.2\lib\win64.o\librdi_drc.dll
0x00007ffee0f70000 - 0x00007ffee1034000 	C:\Xilinx\Vivado\2019.2\lib\win64.o\librdi_dsp.dll
0x00007ffeb81c0000 - 0x00007ffeb882b000 	C:\Xilinx\Vivado\2019.2\lib\win64.o\librdi_filemgmt.dll
0x00007ffebe710000 - 0x00007ffebea20000 	C:\Xilinx\Vivado\2019.2\lib\win64.o\librdi_guitools.dll
0x00007fff0fff0000 - 0x00007fff1005a000 	C:\Xilinx\Vivado\2019.2\lib\win64.o\librdi_hdf.dll
0x00007ffebf360000 - 0x00007ffebf4a8000 	C:\Xilinx\Vivado\2019.2\lib\win64.o\librdi_hip_perf_analysis.dll
0x00007ffe823b0000 - 0x00007ffe825d0000 	C:\Xilinx\Vivado\2019.2\lib\win64.o\librdi_hip_devdesign.dll
0x00007ffe80c40000 - 0x00007ffe823ad000 	C:\Xilinx\Vivado\2019.2\lib\win64.o\librdi_implflow.dll
0x00007ffe80600000 - 0x00007ffe80c31000 	C:\Xilinx\Vivado\2019.2\lib\win64.o\librdi_memdata.dll
0x00007ffef5d40000 - 0x00007ffef5db4000 	C:\Xilinx\Vivado\2019.2\lib\win64.o\librdi_memoryarray.dll
0x00007ffe7d830000 - 0x00007ffe805fb000 	C:\Xilinx\Vivado\2019.2\lib\win64.o\librdi_mig.dll
0x00007ffe7d140000 - 0x00007ffe7d823000 	C:\Xilinx\Vivado\2019.2\lib\win64.o\librdi_netlist.dll
0x00007ffe7a870000 - 0x00007ffe7d137000 	C:\Xilinx\Vivado\2019.2\lib\win64.o\librdi_place.dll
0x00007fff183b0000 - 0x00007fff183fc000 	C:\Xilinx\Vivado\2019.2\lib\win64.o\librdi_pfi.dll
0x00007ffe7a060000 - 0x00007ffe7a86b000 	C:\Xilinx\Vivado\2019.2\lib\win64.o\librdi_power.dll
0x00007ffe79040000 - 0x00007ffe79773000 	C:\Xilinx\Vivado\2019.2\lib\win64.o\librdi_psta.dll
0x00007ffe79d40000 - 0x00007ffe7a05b000 	C:\Xilinx\Vivado\2019.2\lib\win64.o\librdi_platform.dll
0x00007ffe79780000 - 0x00007ffe79d3a000 	C:\Xilinx\Vivado\2019.2\lib\win64.o\librdi_project.dll
0x00007ffe78540000 - 0x00007ffe78963000 	C:\Xilinx\Vivado\2019.2\lib\win64.o\librdi_runs.dll
0x00007ffe78970000 - 0x00007ffe79031000 	C:\Xilinx\Vivado\2019.2\lib\win64.o\librdi_rsb.dll
0x00007ffe782c0000 - 0x00007ffe78535000 	C:\Xilinx\Vivado\2019.2\lib\win64.o\librdi_simdata.dll
0x00007ffedeec0000 - 0x00007ffedefc8000 	C:\Xilinx\Vivado\2019.2\lib\win64.o\librdi_runsbase.dll
0x00007ffe77430000 - 0x00007ffe782bd000 	C:\Xilinx\Vivado\2019.2\lib\win64.o\librdi_timing.dll
0x00007ffe77290000 - 0x00007ffe77430000 	C:\Xilinx\Vivado\2019.2\lib\win64.o\librdi_cd_protocol.dll
0x00007ffe770e0000 - 0x00007ffe77281000 	C:\Xilinx\Vivado\2019.2\lib\win64.o\librdi_advchipscopeimpl.dll
0x00007fff17ef0000 - 0x00007fff17f3c000 	C:\Xilinx\Vivado\2019.2\lib\win64.o\libboost_serialization.dll

VM Arguments:
jvm_args: -Dsun.java2d.pmoffscreen=false -Dsun.java2d.xrender=false -Dsun.java2d.d3d=false -Dsun.awt.nopixfmt=true -Dsun.java2d.dpiaware=true -Dsun.java2d.uiScale.enabled=false -Xverify:none -Dswing.aatext=true -XX:-UsePerfData -Djdk.map.althashing.threshold=512 -XX:StringTableSize=4072 --add-opens=java.base/java.nio=ALL-UNNAMED --add-opens=java.desktop/sun.swing=ALL-UNNAMED --add-opens=java.desktop/javax.swing=ALL-UNNAMED --add-opens=java.desktop/javax.swing.tree=ALL-UNNAMED --add-opens=java.desktop/javax.swing.plaf.basic=ALL-UNNAMED --add-opens=java.desktop/javax.swing.plaf.synth=ALL-UNNAMED --add-opens=java.desktop/com.sun.awt=ALL-UNNAMED -XX:NewSize=60m -XX:MaxNewSize=60m -Xms128m -Xmx3072m -Xss5m 
java_command: <unknown>
java_class_path (initial): C:/Xilinx/Vivado/2019.2\lib\classes\alloy.jar;C:/Xilinx/Vivado/2019.2\lib\classes\autoesl-common.jar;C:/Xilinx/Vivado/2019.2\lib\classes\autoesl-models.jar;C:/Xilinx/Vivado/2019.2\lib\classes\autoesl-report.jar;C:/Xilinx/Vivado/2019.2\lib\classes\autopilot.scelaborator.jar;C:/Xilinx/Vivado/2019.2\lib\classes\autopilot.sourceprocessor.jar;C:/Xilinx/Vivado/2019.2\lib\classes\autopilot.tbprocessor.jar;C:/Xilinx/Vivado/2019.2\lib\classes\batik-anim.jar;C:/Xilinx/Vivado/2019.2\lib\classes\batik-awt-util.jar;C:/Xilinx/Vivado/2019.2\lib\classes\batik-bridge.jar;C:/Xilinx/Vivado/2019.2\lib\classes\batik-codec.jar;C:/Xilinx/Vivado/2019.2\lib\classes\batik-css.jar;C:/Xilinx/Vivado/2019.2\lib\classes\batik-dom.jar;C:/Xilinx/Vivado/2019.2\lib\classes\batik-ext.jar;C:/Xilinx/Vivado/2019.2\lib\classes\batik-gui-util.jar;C:/Xilinx/Vivado/2019.2\lib\classes\batik-gvt.jar;C:/Xilinx/Vivado/2019.2\lib\classes\batik-parser.jar;C:/Xilinx/Vivado/2019.2\lib\classes\batik-script.jar;C:/Xilinx/Vivado/2019.2\lib\classes\batik-svg-dom.jar;C:/Xilinx/Vivado/2019.2\lib\classes\batik-swing.jar;C:/Xilinx/Vivado/2019.2\lib\classes\batik-transcoder.jar;C:/Xilinx/Vivado/2019.2\lib\classes\batik-util.jar;C:/Xilinx/Vivado/2019.2\lib\classes\batik-xml.jar;C:/Xilinx/Vivado/2019.2\lib\classes\com.google.gson_2.7.0.v20170129-0911.jar;C:/Xilinx/Vivado/2019.2\lib\classes\com.google.guava_21.0.0.v20170206-1425.jar;C:/Xilinx/Vivado/2019.2\lib\classes\com.ibm.icu_4.4.2.v20110208.jar;C:/Xilinx/Vivado/2019.2\lib\classes\com.sigasi.hdt.connection_4.5.0.201909241521.jar;C:/Xilinx/Vivado/2019.2\lib\classes\com.sigasi.hdt.epl_4.5.0.201909241521.jar;C:/Xilinx/Vivado/2019.2\lib\classes\com.sigasi.hdt.project_4.5.0.201909241521.jar;C:/Xilinx/Vivado/2019.2\lib\classes\com.sigasi.hdt.readonlyfilesystem_4.5.0.201909241521.jar;C:/Xilinx/Vivado/2019.2\lib\classes\com.sigasi.lcm_4.5.0.201909241521.jar;C:/Xilinx/Vivado/2019.2\lib\classes\com.sigasi.sdk.client_4.5.0.201909241521.jar;C:/Xilinx/Vivado
Launcher Type: generic

Logging:
Log output configuration:
#0: stdout all=warning uptime,level,tags
#1: stderr all=off uptime,level,tags

Environment Variables:
PATH=C:/Xilinx/Vivado/2019.2/bin;C:/Xilinx/Vivado/2019.2/lib/win64.o;C:/Xilinx/Vivado/2019.2/tps/win64/jre9.0.4/bin/server;C:/Xilinx/Vivado/2019.2/tps/win64/jre9.0.4/bin;C:/Xilinx/Vivado/2019.2/ids_lite/ISE/bin/nt64;C:/Xilinx/Vivado/2019.2/ids_lite/ISE/lib/nt64;C:\Program Files (x86)\Common Files\Oracle\Java\javapath;C:\Windows\system32;C:\Windows;C:\Windows\System32\Wbem;C:\Windows\System32\WindowsPowerShell\v1.0\;C:\Windows\System32\OpenSSH\;C:\Program Files (x86)\Intel\Intel(R) Management Engine Components\DAL;C:\Program Files\Intel\Intel(R) Management Engine Components\DAL;C:\Program Files\NVIDIA Corporation\NVIDIA NvDLISR;C:\Program Files\Git\cmd;C:\Program Files\MATLAB\R2019b\bin;C:\Program Files\dotnet\;C:\Users\FABIa\AppData\Local\Programs\Python\Python38-32\Scripts\;C:\Users\FABIa\AppData\Local\Programs\Python\Python38-32\;C:\Users\FABIa\AppData\Local\Microsoft\WindowsApps;C:\Users\FABIa\AppData\Local\GitHubDesktop\bin;C:/Xilinx/Vivado/2019.2\tps\mingw\6.2.0\win64.o\nt\bin;C:/Xilinx/Vivado/2019.2\tps\mingw\6.2.0\win64.o\nt\libexec\gcc\x86_64-w64-mingw32\6.2.0;C:/Xilinx/Vivado/2019.2\tps\win64\python-2.7.5;C:/Xilinx/Vivado/2019.2\tps\win64\python-2.7.5\bin;C:/Xilinx/Vivado/2019.2\tps\win64\python-2.7.5\lib;C:/Xilinx/Vivado/2019.2\tps\win64\python-2.7.5\Lib\lib-tk;C:/Xilinx/Vivado/2019.2\tps\win64\python-2.7.5\lib\site-packages
USERNAME=FABIa
OS=Windows_NT
PROCESSOR_IDENTIFIER=Intel64 Family 6 Model 158 Stepping 10, GenuineIntel



---------------  S Y S T E M  ---------------

OS: Windows 10 , 64 bit Build 18362 (10.0.18362.900)

CPU:total 8 (initial active 8) (4 cores per cpu, 2 threads per core) family 6 model 158 stepping 10, cmov, cx8, fxsr, mmx, sse, sse2, sse3, ssse3, sse4.1, sse4.2, popcnt, avx, avx2, aes, clmul, erms, 3dnowpref, lzcnt, ht, tsc, tscinvbit, bmi1, bmi2, adx, fma

Memory: 4k page, physical 20808052k(11235588k free), swap 23953780k(10250188k free)

vm_info: Java HotSpot(TM) 64-Bit Server VM (9.0.4+11) for windows-amd64 JRE (9.0.4+11), built on Dec 20 2017 02:18:54 by "mach5one" with MS VC++ 12.0 (VS2013)

END.
