#-----------------------------------------------------------
# Vivado v2019.2 (64-bit)
# SW Build 2708876 on Wed Nov  6 21:40:23 MST 2019
# IP Build 2700528 on Thu Nov  7 00:09:20 MST 2019
# Start of session at: Wed Jun 24 20:05:54 2020
# Process ID: 21284
# Current directory: C:/Users/FABIa/Documents/GitHub/wp2-simulacion-captura-grupo-04/src
# Command line: vivado.exe -gui_launcher_event rodinguilauncherevent22248 C:\Users\FABIa\Documents\GitHub\wp2-simulacion-captura-grupo-04\src\project_1.xpr
# Log file: C:/Users/FABIa/Documents/GitHub/wp2-simulacion-captura-grupo-04/src/vivado.log
# Journal file: C:/Users/FABIa/Documents/GitHub/wp2-simulacion-captura-grupo-04/src\vivado.jou
#-----------------------------------------------------------
start_gui
open_project C:/Users/FABIa/Documents/GitHub/wp2-simulacion-captura-grupo-04/src/project_1.xpr
INFO: [Project 1-313] Project file moved from 'C:/Users/nesto/OneDrive/Escritorio/project_1' since last save.
Scanning sources...
Finished scanning sources
INFO: [IP_Flow 19-234] Refreshing IP repositories
INFO: [IP_Flow 19-1704] No user IP repositories specified
INFO: [IP_Flow 19-2313] Loaded Vivado IP repository 'C:/Xilinx/Vivado/2019.2/data/ip'.
open_project: Time (s): cpu = 00:00:13 ; elapsed = 00:00:11 . Memory (MB): peak = 637.695 ; gain = 30.848
update_compile_order -fileset sources_1
close [ open C:/Users/FABIa/Documents/GitHub/wp2-simulacion-captura-grupo-04/src/project_1.srcs/sources_1/new/captura_de_datos_downsampler.v w ]
add_files C:/Users/FABIa/Documents/GitHub/wp2-simulacion-captura-grupo-04/src/project_1.srcs/sources_1/new/captura_de_datos_downsampler.v
update_compile_order -fileset sources_1
exit
INFO: [Common 17-206] Exiting Vivado at Wed Jun 24 20:47:47 2020...
