#-----------------------------------------------------------
# Vivado v2019.2 (64-bit)
# SW Build 2708876 on Wed Nov  6 21:40:23 MST 2019
# IP Build 2700528 on Thu Nov  7 00:09:20 MST 2019
# Start of session at: Mon Jul 13 12:27:31 2020
# Process ID: 16092
# Current directory: C:/Users/FABIa/Documents/GitHub/Proyecto_Final_Digital/wp2-simulacion-captura-grupo-04/src
# Command line: vivado.exe -gui_launcher_event rodinguilauncherevent1412 C:\Users\FABIa\Documents\GitHub\Proyecto_Final_Digital\wp2-simulacion-captura-grupo-04\src\project_1.xpr
# Log file: C:/Users/FABIa/Documents/GitHub/Proyecto_Final_Digital/wp2-simulacion-captura-grupo-04/src/vivado.log
# Journal file: C:/Users/FABIa/Documents/GitHub/Proyecto_Final_Digital/wp2-simulacion-captura-grupo-04/src\vivado.jou
#-----------------------------------------------------------
start_gui
open_project C:/Users/FABIa/Documents/GitHub/Proyecto_Final_Digital/wp2-simulacion-captura-grupo-04/src/project_1.xpr
INFO: [ProjectBase 1-489] The host OS only allows 260 characters in a normal path. The project is stored in a path with more than 80 characters. If you experience issues with IP, Block Designs, or files not being found, please consider moving the project to a location with a shorter path. Alternately consider using the OS subst command to map part of the path to a drive letter.
Current project path is 'C:/Users/FABIa/Documents/GitHub/Proyecto_Final_Digital/wp2-simulacion-captura-grupo-04/src'
INFO: [Project 1-313] Project file moved from 'C:/Users/FABIa/Documents/GitHub/wp2-simulacion-captura-grupo-04/src' since last save.
CRITICAL WARNING: [Project 1-311] Could not find the file 'C:/Users/FABIa/Documents/Downloads/clk_100MHZ_to_25M_24M.v', nor could it be found using path 'C:/Users/FABIa/Downloads/clk_100MHZ_to_25M_24M.v'.
Scanning sources...
Finished scanning sources
INFO: [IP_Flow 19-234] Refreshing IP repositories
INFO: [IP_Flow 19-1704] No user IP repositories specified
INFO: [IP_Flow 19-2313] Loaded Vivado IP repository 'C:/Xilinx/Vivado/2019.2/data/ip'.
open_project: Time (s): cpu = 00:00:12 ; elapsed = 00:00:11 . Memory (MB): peak = 692.453 ; gain = 20.773
update_compile_order -fileset sources_1
add_files -norecurse C:/Users/FABIa/Documents/GitHub/wp2-simulacion-captura-grupo-04/src/project_1.srcs/sources_1/new/clk_100MHZ_to_25M_24M.v
update_compile_order -fileset sources_1
export_ip_user_files -of_objects  [get_files C:/Users/FABIa/Documents/GitHub/wp2-simulacion-captura-grupo-04/src/project_1.srcs/sources_1/new/clk_100MHZ_to_25M_24M.v] -no_script -reset -force -quiet
remove_files  C:/Users/FABIa/Documents/GitHub/wp2-simulacion-captura-grupo-04/src/project_1.srcs/sources_1/new/clk_100MHZ_to_25M_24M.v
